<?xml version="1.0" encoding="UTF-8"?>
<testsuite name="Ver documento" tests="1" skipped="0" failures="1" errors="0" timestamp="2022-05-28T02:18:00" hostname="CHPANPF3FZZWZ" time="23.904">
  <properties/>
  <testcase name="Ver documento" classname="Ver documento" time="23.904">
    <failure message="java.lang.AssertionError: Expected verificar&#10;Expected: is &lt;true&gt;&#10;     but: was &lt;false&gt;" type="java.lang.AssertionError">java.lang.AssertionError: Expected verificar
Expected: is &lt;true&gt;
     but: was &lt;false&gt;
	at net.serenitybdd.screenplay.ErrorTally.throwSummaryExceptionFrom(ErrorTally.java:36)
	at net.serenitybdd.screenplay.ErrorTally.reportAnyErrors(ErrorTally.java:30)
	at net.serenitybdd.screenplay.Actor.should(Actor.java:301)
	at co.com.test.stepdefinitions.AeronauticaSteps.elVeElDocumentoEstadoDeSituacionFinancieraADeAbrilDel(AeronauticaSteps.java:40)
	at ✽.el ve el documento Estado de Situacion Financiera a 31 de Marzo de 2022(src/test/resources/features/aeronautica_civil.feature:7)
</failure>
  </testcase>
  <system-out><![CDATA[]]></system-out>
  <system-err><![CDATA[[Test worker] WARN net.thucydides.core.steps.BaseStepListener - stepStarted: net.thucydides.core.steps.ExecutedStepDescription@5bf06688
[Test worker] WARN net.thucydides.core.steps.BaseStepListener - stepStarted: net.thucydides.core.steps.ExecutedStepDescription@47c6d389
[Test worker] WARN net.thucydides.core.steps.BaseStepListener - stepStarted: net.thucydides.core.steps.ExecutedStepDescription@612a2f9f
may. 27, 2022 9:18:01 P. M. org.openqa.selenium.remote.DesiredCapabilities chrome
INFORMACIÓN: Using `new ChromeOptions()` is preferred to `DesiredCapabilities.chrome()`
[Test worker] INFO net.serenitybdd.core.webdriver.driverproviders.ProvideNewDriver - Instantiating driver
[Test worker] INFO net.serenitybdd.core.webdriver.driverproviders.ProvideNewDriver - Driver capabilities: Capabilities {acceptInsecureCerts: false, browserName: chrome, chrome.switches: --start-maximized, goog:chromeOptions: {args: [--start-maximized], extensions: []}, loggingPrefs: org.openqa.selenium.logging..., platform: ANY, version: }
Starting ChromeDriver 102.0.5005.61 (0e59bcc00cc4985ce39ad31c150065f159d95ad3-refs/branch-heads/5005@{#819}) on port 9522
Only local connections are allowed.
Please see https://chromedriver.chromium.org/security-considerations for suggestions on keeping ChromeDriver safe.
ChromeDriver was started successfully.
may. 27, 2022 9:18:02 P. M. org.openqa.selenium.remote.ProtocolHandshake createSession
INFORMACIÓN: Detected dialect: W3C
[Test worker] WARN net.thucydides.core.steps.BaseStepListener - stepFinished: current outcome:Ver documento:Given Jon quiere ver documentos Estado de Situacion Financiero [Jon open up [Jon opens the Aeronautica page]]
[Test worker] WARN net.thucydides.core.steps.BaseStepListener - stepFinished: current outcome:Ver documento:Given Jon quiere ver documentos Estado de Situacion Financiero [Jon open up [Jon opens the Aeronautica page]]
[Test worker] WARN net.thucydides.core.steps.BaseStepListener - stepFinished: current outcome:Ver documento:Given Jon quiere ver documentos Estado de Situacion Financiero [Jon open up [Jon opens the Aeronautica page]]
[Test worker] WARN net.thucydides.core.steps.BaseStepListener - stepStarted: net.thucydides.core.steps.ExecutedStepDescription@5f332c06
[Test worker] WARN net.thucydides.core.steps.BaseStepListener - stepStarted: net.thucydides.core.steps.ExecutedStepDescription@30b42542
[Test worker] WARN net.thucydides.core.steps.BaseStepListener - stepStarted: net.thucydides.core.steps.ExecutedStepDescription@1cbe960c
[Test worker] WARN net.thucydides.core.steps.BaseStepListener - stepFinished: current outcome:Ver documento:Given Jon quiere ver documentos Estado de Situacion Financiero [Jon open up [Jon opens the Aeronautica page]], When el esta en la pagina web de Aeronautica Civil [Jon ir a seccion [Jon clicks on Presionar para ingresar a Transparencia]]
[Test worker] WARN net.thucydides.core.steps.BaseStepListener - stepStarted: net.thucydides.core.steps.ExecutedStepDescription@235e3c76
[Test worker] WARN net.thucydides.core.steps.BaseStepListener - stepFinished: current outcome:Ver documento:Given Jon quiere ver documentos Estado de Situacion Financiero [Jon open up [Jon opens the Aeronautica page]], When el esta en la pagina web de Aeronautica Civil [Jon ir a seccion [Jon clicks on Presionar para ingresar a Transparencia, Jon clicks on Presionar para ingresar A Presupuesto]]
[Test worker] WARN net.thucydides.core.steps.BaseStepListener - stepStarted: net.thucydides.core.steps.ExecutedStepDescription@7263b8b2
[Test worker] WARN net.thucydides.core.steps.BaseStepListener - stepFinished: current outcome:Ver documento:Given Jon quiere ver documentos Estado de Situacion Financiero [Jon open up [Jon opens the Aeronautica page]], When el esta en la pagina web de Aeronautica Civil [Jon ir a seccion [Jon clicks on Presionar para ingresar a Transparencia, Jon clicks on Presionar para ingresar A Presupuesto, Jon clicks on Boton para entrar a informacion financiera]]
[Test worker] WARN net.thucydides.core.steps.BaseStepListener - stepStarted: net.thucydides.core.steps.ExecutedStepDescription@5029335
[Test worker] WARN net.thucydides.core.steps.BaseStepListener - stepFinished: current outcome:Ver documento:Given Jon quiere ver documentos Estado de Situacion Financiero [Jon open up [Jon opens the Aeronautica page]], When el esta en la pagina web de Aeronautica Civil [Jon ir a seccion [Jon clicks on Presionar para ingresar a Transparencia, Jon clicks on Presionar para ingresar A Presupuesto, Jon clicks on Boton para entrar a informacion financiera, Jon clicks on Presionar Boton Balance]]
[Test worker] WARN net.thucydides.core.steps.BaseStepListener - stepStarted: net.thucydides.core.steps.ExecutedStepDescription@4a4cfa0e
[Test worker] WARN net.thucydides.core.steps.BaseStepListener - stepFinished: current outcome:Ver documento:Given Jon quiere ver documentos Estado de Situacion Financiero [Jon open up [Jon opens the Aeronautica page]], When el esta en la pagina web de Aeronautica Civil [Jon ir a seccion [Jon clicks on Presionar para ingresar a Transparencia, Jon clicks on Presionar para ingresar A Presupuesto, Jon clicks on Boton para entrar a informacion financiera, Jon clicks on Presionar Boton Balance, Jon clicks on Ver Estado de situacion pdf]]
[Test worker] WARN net.thucydides.core.steps.BaseStepListener - stepFinished: current outcome:Ver documento:Given Jon quiere ver documentos Estado de Situacion Financiero [Jon open up [Jon opens the Aeronautica page]], When el esta en la pagina web de Aeronautica Civil [Jon ir a seccion [Jon clicks on Presionar para ingresar a Transparencia, Jon clicks on Presionar para ingresar A Presupuesto, Jon clicks on Boton para entrar a informacion financiera, Jon clicks on Presionar Boton Balance, Jon clicks on Ver Estado de situacion pdf]]
[Test worker] WARN net.thucydides.core.steps.BaseStepListener - stepFinished: current outcome:Ver documento:Given Jon quiere ver documentos Estado de Situacion Financiero [Jon open up [Jon opens the Aeronautica page]], When el esta en la pagina web de Aeronautica Civil [Jon ir a seccion [Jon clicks on Presionar para ingresar a Transparencia, Jon clicks on Presionar para ingresar A Presupuesto, Jon clicks on Boton para entrar a informacion financiera, Jon clicks on Presionar Boton Balance, Jon clicks on Ver Estado de situacion pdf]]
[Test worker] WARN net.thucydides.core.steps.BaseStepListener - stepStarted: net.thucydides.core.steps.ExecutedStepDescription@56db33b8
[Test worker] WARN net.thucydides.core.steps.BaseStepListener - stepStarted: net.thucydides.core.steps.ExecutedStepDescription@2cec2c54
[Test worker] WARN net.thucydides.core.steps.BaseStepListener - testFinished: Ver documento:Given Jon quiere ver documentos Estado de Situacion Financiero [Jon open up [Jon opens the Aeronautica page]], When el esta en la pagina web de Aeronautica Civil [Jon ir a seccion [Jon clicks on Presionar para ingresar a Transparencia, Jon clicks on Presionar para ingresar A Presupuesto, Jon clicks on Boton para entrar a informacion financiera, Jon clicks on Presionar Boton Balance, Jon clicks on Ver Estado de situacion pdf]], Then el ve el documento Estado de Situacion Financiera a 31 de Marzo de 2022 [Then verificar]
[Test worker] WARN net.thucydides.core.steps.BaseStepListener - TestOutcomes: [Ver documento:Given Jon quiere ver documentos Estado de Situacion Financiero [Jon open up [Jon opens the Aeronautica page]], When el esta en la pagina web de Aeronautica Civil [Jon ir a seccion [Jon clicks on Presionar para ingresar a Transparencia, Jon clicks on Presionar para ingresar A Presupuesto, Jon clicks on Boton para entrar a informacion financiera, Jon clicks on Presionar Boton Balance, Jon clicks on Ver Estado de situacion pdf]], Then el ve el documento Estado de Situacion Financiera a 31 de Marzo de 2022 [Then verificar]]
[Test worker] WARN net.thucydides.core.steps.BaseStepListener - Final testOutcomes: [Ver documento:Given Jon quiere ver documentos Estado de Situacion Financiero [Jon open up [Jon opens the Aeronautica page]], When el esta en la pagina web de Aeronautica Civil [Jon ir a seccion [Jon clicks on Presionar para ingresar a Transparencia, Jon clicks on Presionar para ingresar A Presupuesto, Jon clicks on Boton para entrar a informacion financiera, Jon clicks on Presionar Boton Balance, Jon clicks on Ver Estado de situacion pdf]], Then el ve el documento Estado de Situacion Financiera a 31 de Marzo de 2022 [Then verificar]]
[Test worker] ERROR net.thucydides.core.steps.ConsoleLoggingListener - 
           __  _____ _____ ____ _____   _____ _    ___ _     _____ ____  
  _       / / |_   _| ____/ ___|_   _| |  ___/ \  |_ _| |   | ____|  _ \ 
 (_)_____| |    | | |  _| \___ \ | |   | |_ / _ \  | || |   |  _| | | | |
  _|_____| |    | | | |___ ___) || |   |  _/ ___ \ | || |___| |___| |_| |
 (_)     | |    |_| |_____|____/ |_|   |_|/_/   \_\___|_____|_____|____/ 
          \_\                                                            

TEST FAILED: Ver documento
--------------------------------------------------------------------------
[Test worker] ERROR net.thucydides.core.steps.ConsoleLoggingListener - TEST FAILED AT STEP Then verificar
[Test worker] ERROR net.thucydides.core.steps.ConsoleLoggingListener - Expected verificarExpected: is <true> but: was <false>
]]></system-err>
</testsuite>
